<?xml version="1.0" encoding="UTF-8"?>
<testsuite name="com.userregistration.UserRegistrationTest" tests="24" skipped="0" failures="0" errors="0" timestamp="2021-06-04T16:01:56" hostname="DESKTOP-4QDC4A3" time="0.042">
  <properties/>
  <testcase name="givenLastName_WhenLastNameStartsWithCapitalLetter_ShouldReturn_True" classname="com.userregistration.UserRegistrationTest" time="0.004"/>
  <testcase name="givenEmail_WhenEmailEndsWithComOrIn_ShouldReturn_True" classname="com.userregistration.UserRegistrationTest" time="0.001"/>
  <testcase name="givenPassword_WhenPasswordHaveAtleastOneCapitalLetter_ShouldReturn_True" classname="com.userregistration.UserRegistrationTest" time="0.001"/>
  <testcase name="givenPhoneNumber_WhenPhoneNumberIsNotFollowedByCountryCode_ShouldReturn_False" classname="com.userregistration.UserRegistrationTest" time="0.001"/>
  <testcase name="givenPassword_WhenPasswordNotHaveAtleastOneNumericNumber_ShouldReturn_False" classname="com.userregistration.UserRegistrationTest" time="0.0"/>
  <testcase name="givenPhoneNumber_WhenPhoneNumberIsTenDigit_True" classname="com.userregistration.UserRegistrationTest" time="0.0"/>
  <testcase name="givenFirstName_ShouldReturn_False" classname="com.userregistration.UserRegistrationTest" time="0.001"/>
  <testcase name="givenPassword_WhenPasswordNotHaveAtleastOneCapitalLetter_ShouldReturn_False" classname="com.userregistration.UserRegistrationTest" time="0.001"/>
  <testcase name="givenFirstName_ShouldReturn_True" classname="com.userregistration.UserRegistrationTest" time="0.001"/>
  <testcase name="givenPassword_WhenPasswordNotHaveAtleastOneSpeacialCharacter_ShouldReturn_False" classname="com.userregistration.UserRegistrationTest" time="0.0"/>
  <testcase name="givenPhoneNumber_WhenPhoneNumberIsFollowedByCountryCode_True" classname="com.userregistration.UserRegistrationTest" time="0.001"/>
  <testcase name="givenEmail_WhenEmailNotStartsWithSmallLetter_ShouldReturn_False" classname="com.userregistration.UserRegistrationTest" time="0.001"/>
  <testcase name="givenEmail_WhenEmailStartsWithSmallLetter_ShouldReturn_True" classname="com.userregistration.UserRegistrationTest" time="0.001"/>
  <testcase name="givenEmail_WhenEmailNotEndsWithComOrIn_ShouldReturn_False" classname="com.userregistration.UserRegistrationTest" time="0.0"/>
  <testcase name="givenFirstName_NotHaveMinimumThreeLetters_ShouldReturn_False" classname="com.userregistration.UserRegistrationTest" time="0.001"/>
  <testcase name="givenPassword_WhenPasswordHaveAtleastOneSpeacialCharacter_ShouldReturn_True" classname="com.userregistration.UserRegistrationTest" time="0.001"/>
  <testcase name="givenPassword_WhenPasswordIsNotMinimumEightDigit_ShouldReturn_False" classname="com.userregistration.UserRegistrationTest" time="0.001"/>
  <testcase name="givenLastName_WhenLastNameNotHaveMinimumThreeLetter_ShouldReturn_False" classname="com.userregistration.UserRegistrationTest" time="0.001"/>
  <testcase name="givenLastName_WhenLastNameNotStartsWithCapitalLetter_ShouldReturn_False" classname="com.userregistration.UserRegistrationTest" time="0.001"/>
  <testcase name="givenPhoneNumber_WhenPhoneNumberIsNotTenDigit_ShouldReturn_False" classname="com.userregistration.UserRegistrationTest" time="0.0"/>
  <testcase name="givenLastName_WhenLastNameHaveMinimumThreeLetter_ShouldReturn_True" classname="com.userregistration.UserRegistrationTest" time="0.001"/>
  <testcase name="givenFirstName_MinimumThreeLetters_ShouldReturn_True" classname="com.userregistration.UserRegistrationTest" time="0.001"/>
  <testcase name="givenPassword_WhenPasswordHaveAtleastOneNumericNumber_ShouldReturn_True" classname="com.userregistration.UserRegistrationTest" time="0.002"/>
  <testcase name="givenPassword_WhenPasswordIsMinimumEightDigit_ShouldReturn_True" classname="com.userregistration.UserRegistrationTest" time="0.002"/>
  <system-out><![CDATA[]]></system-out>
  <system-err><![CDATA[]]></system-err>
</testsuite>
