<?xml version="1.0" encoding="UTF-8"?>
<testsuite name="com.userregistration.UserRegistrationTest" tests="1" skipped="0" failures="0" errors="0" timestamp="2021-06-03T14:22:19" hostname="DESKTOP-4QDC4A3" time="0.016">
  <properties/>
  <testcase name="givenFirstName_MinimumThreeLettersShouldReturn_True" classname="com.userregistration.UserRegistrationTest" time="0.016"/>
  <system-out><![CDATA[]]></system-out>
  <system-err><![CDATA[]]></system-err>
</testsuite>
