<?xml version="1.0" encoding="UTF-8"?>
<testsuite name="com.userregistration.UserRegistrationTest" tests="8" skipped="0" failures="0" errors="0" timestamp="2021-06-03T15:03:14" hostname="DESKTOP-4QDC4A3" time="0.024">
  <properties/>
  <testcase name="givenLastName_WhenWithCapitalShouldReturn_True" classname="com.userregistration.UserRegistrationTest" time="0.014"/>
  <testcase name="givenLastName_WhenHaveMinimumThreeLetterNotStartWithCapital_ShouldReturn_False" classname="com.userregistration.UserRegistrationTest" time="0.001"/>
  <testcase name="givenFirstName_WhenWithCapitalShouldReturn_True" classname="com.userregistration.UserRegistrationTest" time="0.0"/>
  <testcase name="givenLastName_WhenNotWithCapitalShouldReturn_False" classname="com.userregistration.UserRegistrationTest" time="0.0"/>
  <testcase name="givenFirstName_WhenHaveMinimumThreeLettersShouldReturn_True" classname="com.userregistration.UserRegistrationTest" time="0.001"/>
  <testcase name="givenLastName_WhenHaveMinimumThreeLetterStartWithCapital_ShouldReturn_True" classname="com.userregistration.UserRegistrationTest" time="0.002"/>
  <testcase name="givenFirstName_WhenHaveMinimumThreeLetters_ShouldReturn_False" classname="com.userregistration.UserRegistrationTest" time="0.001"/>
  <testcase name="givenFirstName_WhenWithNotCapitalShouldReturn_False" classname="com.userregistration.UserRegistrationTest" time="0.0"/>
  <system-out><![CDATA[]]></system-out>
  <system-err><![CDATA[]]></system-err>
</testsuite>
