<?xml version="1.0" encoding="UTF-8"?>
<testsuite name="com.userregistration.UserRegistrationTest" tests="1" skipped="0" failures="0" errors="0" timestamp="2021-06-03T17:47:15" hostname="DESKTOP-4QDC4A3" time="0.004">
  <properties/>
  <testcase name="givenFirstName_WhenHaveMinimumThreeLetters_ShouldReturn_False" classname="com.userregistration.UserRegistrationTest" time="0.004"/>
  <system-out><![CDATA[]]></system-out>
  <system-err><![CDATA[]]></system-err>
</testsuite>
